09:33:33  wsItem <wsdl\homologacao\SVAN\HSVANNfeInutilizacao4.wsdl> nao encontrada na classe URLws em <NFeInutilizacao>
09:33:33  wsItem <wsdl\homologacao\SVAN\HSVANNFeConsultaProtocolo4.wsdl> nao encontrada na classe URLws em <NFeConsulta>
09:33:33  wsItem <wsdl\homologacao\SVAN\HSVANNfeStatusServico4.wsdl> nao encontrada na classe URLws em <NFeStatusServico>
09:33:33  wsItem <wsdl\homologacao\SVAN\HSVANCadConsultaCadastro4.wsdl> nao encontrada na classe URLws em <NFeConsultaCadastro>
09:33:33  wsItem <wsdl\homologacao\SVAN\HSVANRecepcaoEvento4.wsdl> nao encontrada na classe URLws em <NFeRecepcaoEvento>
09:33:33  wsItem <wsdl\homologacao\SVAN\HSVANNFeAutorizacao4.wsdl> nao encontrada na classe URLws em <NFeAutorizacao>
09:33:33  wsItem <wsdl\homologacao\SVAN\HSVANNFeRetAutorizacao4.wsdl> nao encontrada na classe URLws em <NFeRetAutorizacao>
09:33:33  wsItem <wsdl\producao\SVAN\PSVANCadConsultaCadastro2.wsdl> nao encontrada na classe URLws em <NFeConsultaCadastro>
09:33:33  wsItem <wsdl\homologacao\SVAN\HSVANCadConsultaCadastro2.wsdl> nao encontrada na classe URLws em <NFeConsultaCadastro>
09:33:33  wsItem <wsdl\producao\SVAN\PSVANCadConsultaCadastro2.wsdl> nao encontrada na classe URLws em <NFeConsultaCadastro>
09:38:36  wsItem <wsdl\homologacao\SVAN\HSVANNfeInutilizacao4.wsdl> nao encontrada na classe URLws em <NFeInutilizacao>
09:38:36  wsItem <wsdl\homologacao\SVAN\HSVANNFeConsultaProtocolo4.wsdl> nao encontrada na classe URLws em <NFeConsulta>
09:38:36  wsItem <wsdl\homologacao\SVAN\HSVANNfeStatusServico4.wsdl> nao encontrada na classe URLws em <NFeStatusServico>
09:38:36  wsItem <wsdl\homologacao\SVAN\HSVANCadConsultaCadastro4.wsdl> nao encontrada na classe URLws em <NFeConsultaCadastro>
09:38:36  wsItem <wsdl\homologacao\SVAN\HSVANRecepcaoEvento4.wsdl> nao encontrada na classe URLws em <NFeRecepcaoEvento>
09:38:36  wsItem <wsdl\homologacao\SVAN\HSVANNFeAutorizacao4.wsdl> nao encontrada na classe URLws em <NFeAutorizacao>
09:38:36  wsItem <wsdl\homologacao\SVAN\HSVANNFeRetAutorizacao4.wsdl> nao encontrada na classe URLws em <NFeRetAutorizacao>
09:38:36  wsItem <wsdl\producao\SVAN\PSVANCadConsultaCadastro2.wsdl> nao encontrada na classe URLws em <NFeConsultaCadastro>
09:38:36  wsItem <wsdl\homologacao\SVAN\HSVANCadConsultaCadastro2.wsdl> nao encontrada na classe URLws em <NFeConsultaCadastro>
09:38:36  wsItem <wsdl\producao\SVAN\PSVANCadConsultaCadastro2.wsdl> nao encontrada na classe URLws em <NFeConsultaCadastro>
09:43:52  wsItem <wsdl\homologacao\SVAN\HSVANCadConsultaCadastro4.wsdl> nao encontrada na classe URLws em <NFeConsultaCadastro>
09:43:52  wsItem <wsdl\homologacao\SVAN\HSVANRecepcaoEvento4.wsdl> nao encontrada na classe URLws em <NFeRecepcaoEvento>
09:43:52  wsItem <wsdl\producao\SVAN\PSVANCadConsultaCadastro2.wsdl> nao encontrada na classe URLws em <NFeConsultaCadastro>
09:43:52  wsItem <wsdl\homologacao\SVAN\HSVANCadConsultaCadastro2.wsdl> nao encontrada na classe URLws em <NFeConsultaCadastro>
09:43:52  wsItem <wsdl\producao\SVAN\PSVANCadConsultaCadastro2.wsdl> nao encontrada na classe URLws em <NFeConsultaCadastro>
09:45:51  wsItem <wsdl\homologacao\SVAN\HSVANCadConsultaCadastro4.wsdl> nao encontrada na classe URLws em <NFeConsultaCadastro>
09:45:51  wsItem <wsdl\homologacao\SVAN\HSVANRecepcaoEvento4.wsdl> nao encontrada na classe URLws em <NFeRecepcaoEvento>
09:45:51  wsItem <wsdl\producao\SVAN\PSVANCadConsultaCadastro2.wsdl> nao encontrada na classe URLws em <NFeConsultaCadastro>
09:45:51  wsItem <wsdl\homologacao\SVAN\HSVANCadConsultaCadastro2.wsdl> nao encontrada na classe URLws em <NFeConsultaCadastro>
09:45:51  wsItem <wsdl\producao\SVAN\PSVANCadConsultaCadastro2.wsdl> nao encontrada na classe URLws em <NFeConsultaCadastro>
09:49:30  wsItem <wsdl\homologacao\SVAN\HSVANCadConsultaCadastro4.wsdl> nao encontrada na classe URLws em <NFeConsultaCadastro>
09:49:30  wsItem <wsdl\homologacao\SVAN\HSVANRecepcaoEvento4.wsdl> nao encontrada na classe URLws em <NFeRecepcaoEvento>
09:49:30  wsItem <wsdl\producao\SVAN\PSVANCadConsultaCadastro2.wsdl> nao encontrada na classe URLws em <NFeConsultaCadastro>
09:49:30  wsItem <wsdl\homologacao\SVAN\HSVANCadConsultaCadastro2.wsdl> nao encontrada na classe URLws em <NFeConsultaCadastro>
09:49:30  wsItem <wsdl\producao\SVAN\PSVANCadConsultaCadastro2.wsdl> nao encontrada na classe URLws em <NFeConsultaCadastro>
09:52:11  wsItem <wsdl\homologacao\SVAN\HSVANCadConsultaCadastro4.wsdl> nao encontrada na classe URLws em <NFeConsultaCadastro>
09:52:11  wsItem <wsdl\homologacao\SVAN\HSVANRecepcaoEvento4.wsdl> nao encontrada na classe URLws em <NFeRecepcaoEvento>
09:52:11  wsItem <wsdl\producao\SVAN\PSVANCadConsultaCadastro2.wsdl> nao encontrada na classe URLws em <NFeConsultaCadastro>
09:52:11  wsItem <wsdl\homologacao\SVAN\HSVANCadConsultaCadastro2.wsdl> nao encontrada na classe URLws em <NFeConsultaCadastro>
09:52:11  wsItem <wsdl\producao\SVAN\PSVANCadConsultaCadastro2.wsdl> nao encontrada na classe URLws em <NFeConsultaCadastro>
09:55:53  wsItem <wsdl\homologacao\SVAN\HSVANCadConsultaCadastro4.wsdl> nao encontrada na classe URLws em <NFeConsultaCadastro>
09:55:53  wsItem <wsdl\homologacao\SVAN\HSVANRecepcaoEvento4.wsdl> nao encontrada na classe URLws em <NFeRecepcaoEvento>
09:55:53  wsItem <wsdl\producao\SVAN\PSVANCadConsultaCadastro2.wsdl> nao encontrada na classe URLws em <NFeConsultaCadastro>
09:55:53  wsItem <wsdl\homologacao\SVAN\HSVANCadConsultaCadastro2.wsdl> nao encontrada na classe URLws em <NFeConsultaCadastro>
09:55:53  wsItem <wsdl\producao\SVAN\PSVANCadConsultaCadastro2.wsdl> nao encontrada na classe URLws em <NFeConsultaCadastro>
09:56:42  wsItem <wsdl\homologacao\SVAN\HSVANCadConsultaCadastro4.wsdl> nao encontrada na classe URLws em <NFeConsultaCadastro>
09:56:42  wsItem <wsdl\homologacao\SVAN\HSVANRecepcaoEvento4.wsdl> nao encontrada na classe URLws em <NFeRecepcaoEvento>
09:56:42  wsItem <wsdl\producao\SVAN\PSVANCadConsultaCadastro2.wsdl> nao encontrada na classe URLws em <NFeConsultaCadastro>
09:56:42  wsItem <wsdl\homologacao\SVAN\HSVANCadConsultaCadastro2.wsdl> nao encontrada na classe URLws em <NFeConsultaCadastro>
09:56:42  wsItem <wsdl\producao\SVAN\PSVANCadConsultaCadastro2.wsdl> nao encontrada na classe URLws em <NFeConsultaCadastro>
09:57:51  wsItem <wsdl\homologacao\SVAN\HSVANCadConsultaCadastro4.wsdl> nao encontrada na classe URLws em <NFeConsultaCadastro>
09:57:51  wsItem <wsdl\homologacao\SVAN\HSVANRecepcaoEvento4.wsdl> nao encontrada na classe URLws em <NFeRecepcaoEvento>
09:57:51  wsItem <wsdl\producao\SVAN\PSVANCadConsultaCadastro2.wsdl> nao encontrada na classe URLws em <NFeConsultaCadastro>
09:57:51  wsItem <wsdl\homologacao\SVAN\HSVANCadConsultaCadastro2.wsdl> nao encontrada na classe URLws em <NFeConsultaCadastro>
09:57:51  wsItem <wsdl\producao\SVAN\PSVANCadConsultaCadastro2.wsdl> nao encontrada na classe URLws em <NFeConsultaCadastro>
09:59:06  wsItem <wsdl\homologacao\SVAN\HSVANCadConsultaCadastro4.wsdl> nao encontrada na classe URLws em <NFeConsultaCadastro>
09:59:06  wsItem <wsdl\homologacao\SVAN\HSVANRecepcaoEvento4.wsdl> nao encontrada na classe URLws em <NFeRecepcaoEvento>
09:59:06  wsItem <wsdl\producao\SVAN\PSVANCadConsultaCadastro2.wsdl> nao encontrada na classe URLws em <NFeConsultaCadastro>
09:59:06  wsItem <wsdl\homologacao\SVAN\HSVANCadConsultaCadastro2.wsdl> nao encontrada na classe URLws em <NFeConsultaCadastro>
09:59:06  wsItem <wsdl\producao\SVAN\PSVANCadConsultaCadastro2.wsdl> nao encontrada na classe URLws em <NFeConsultaCadastro>
10:10:11  wsItem <wsdl\homologacao\SVAN\HSVANCadConsultaCadastro4.wsdl> nao encontrada na classe URLws em <NFeConsultaCadastro>
10:10:11  wsItem <wsdl\homologacao\SVAN\HSVANRecepcaoEvento4.wsdl> nao encontrada na classe URLws em <NFeRecepcaoEvento>
10:10:11  wsItem <wsdl\producao\SVAN\PSVANCadConsultaCadastro2.wsdl> nao encontrada na classe URLws em <NFeConsultaCadastro>
10:10:11  wsItem <wsdl\homologacao\SVAN\HSVANCadConsultaCadastro2.wsdl> nao encontrada na classe URLws em <NFeConsultaCadastro>
10:10:11  wsItem <wsdl\producao\SVAN\PSVANCadConsultaCadastro2.wsdl> nao encontrada na classe URLws em <NFeConsultaCadastro>
10:11:08  wsItem <wsdl\homologacao\SVAN\HSVANCadConsultaCadastro4.wsdl> nao encontrada na classe URLws em <NFeConsultaCadastro>
10:11:08  wsItem <wsdl\homologacao\SVAN\HSVANRecepcaoEvento4.wsdl> nao encontrada na classe URLws em <NFeRecepcaoEvento>
10:11:08  wsItem <wsdl\producao\SVAN\PSVANCadConsultaCadastro2.wsdl> nao encontrada na classe URLws em <NFeConsultaCadastro>
10:11:08  wsItem <wsdl\homologacao\SVAN\HSVANCadConsultaCadastro2.wsdl> nao encontrada na classe URLws em <NFeConsultaCadastro>
10:11:08  wsItem <wsdl\producao\SVAN\PSVANCadConsultaCadastro2.wsdl> nao encontrada na classe URLws em <NFeConsultaCadastro>
10:17:37  wsItem <wsdl\homologacao\SVAN\HSVANCadConsultaCadastro4.wsdl> nao encontrada na classe URLws em <NFeConsultaCadastro>
10:17:37  wsItem <wsdl\homologacao\SVAN\HSVANRecepcaoEvento4.wsdl> nao encontrada na classe URLws em <NFeRecepcaoEvento>
10:17:37  wsItem <wsdl\producao\SVAN\PSVANCadConsultaCadastro2.wsdl> nao encontrada na classe URLws em <NFeConsultaCadastro>
10:17:37  wsItem <wsdl\homologacao\SVAN\HSVANCadConsultaCadastro2.wsdl> nao encontrada na classe URLws em <NFeConsultaCadastro>
10:17:37  wsItem <wsdl\producao\SVAN\PSVANCadConsultaCadastro2.wsdl> nao encontrada na classe URLws em <NFeConsultaCadastro>
10:33:22  wsItem <wsdl\homologacao\SVAN\HSVANCadConsultaCadastro4.wsdl> nao encontrada na classe URLws em <NFeConsultaCadastro>
10:33:22  wsItem <wsdl\homologacao\SVAN\HSVANRecepcaoEvento4.wsdl> nao encontrada na classe URLws em <NFeRecepcaoEvento>
10:33:22  wsItem <wsdl\producao\SVAN\PSVANCadConsultaCadastro2.wsdl> nao encontrada na classe URLws em <NFeConsultaCadastro>
10:33:22  wsItem <wsdl\homologacao\SVAN\HSVANCadConsultaCadastro2.wsdl> nao encontrada na classe URLws em <NFeConsultaCadastro>
10:33:22  wsItem <wsdl\producao\SVAN\PSVANCadConsultaCadastro2.wsdl> nao encontrada na classe URLws em <NFeConsultaCadastro>
10:49:31  wsItem <wsdl\homologacao\SVAN\HSVANCadConsultaCadastro4.wsdl> nao encontrada na classe URLws em <NFeConsultaCadastro>
10:49:31  wsItem <wsdl\homologacao\SVAN\HSVANRecepcaoEvento4.wsdl> nao encontrada na classe URLws em <NFeRecepcaoEvento>
10:49:31  wsItem <wsdl\producao\SVAN\PSVANCadConsultaCadastro2.wsdl> nao encontrada na classe URLws em <NFeConsultaCadastro>
10:49:31  wsItem <wsdl\homologacao\SVAN\HSVANCadConsultaCadastro2.wsdl> nao encontrada na classe URLws em <NFeConsultaCadastro>
10:49:31  wsItem <wsdl\producao\SVAN\PSVANCadConsultaCadastro2.wsdl> nao encontrada na classe URLws em <NFeConsultaCadastro>
12:58:26  wsItem <wsdl\homologacao\SVAN\HSVANCadConsultaCadastro4.wsdl> nao encontrada na classe URLws em <NFeConsultaCadastro>
12:58:26  wsItem <wsdl\homologacao\SVAN\HSVANRecepcaoEvento4.wsdl> nao encontrada na classe URLws em <NFeRecepcaoEvento>
12:58:26  wsItem <wsdl\producao\SVAN\PSVANCadConsultaCadastro2.wsdl> nao encontrada na classe URLws em <NFeConsultaCadastro>
12:58:26  wsItem <wsdl\homologacao\SVAN\HSVANCadConsultaCadastro2.wsdl> nao encontrada na classe URLws em <NFeConsultaCadastro>
12:58:26  wsItem <wsdl\producao\SVAN\PSVANCadConsultaCadastro2.wsdl> nao encontrada na classe URLws em <NFeConsultaCadastro>
15:11:56  wsItem <wsdl\homologacao\SVAN\HSVANCadConsultaCadastro4.wsdl> nao encontrada na classe URLws em <NFeConsultaCadastro>
15:11:56  wsItem <wsdl\homologacao\SVAN\HSVANRecepcaoEvento4.wsdl> nao encontrada na classe URLws em <NFeRecepcaoEvento>
15:11:56  wsItem <wsdl\producao\SVAN\PSVANCadConsultaCadastro2.wsdl> nao encontrada na classe URLws em <NFeConsultaCadastro>
15:11:56  wsItem <wsdl\homologacao\SVAN\HSVANCadConsultaCadastro2.wsdl> nao encontrada na classe URLws em <NFeConsultaCadastro>
15:11:56  wsItem <wsdl\producao\SVAN\PSVANCadConsultaCadastro2.wsdl> nao encontrada na classe URLws em <NFeConsultaCadastro>
15:12:37  wsItem <wsdl\homologacao\SVAN\HSVANCadConsultaCadastro4.wsdl> nao encontrada na classe URLws em <NFeConsultaCadastro>
15:12:37  wsItem <wsdl\homologacao\SVAN\HSVANRecepcaoEvento4.wsdl> nao encontrada na classe URLws em <NFeRecepcaoEvento>
15:12:37  wsItem <wsdl\producao\SVAN\PSVANCadConsultaCadastro2.wsdl> nao encontrada na classe URLws em <NFeConsultaCadastro>
15:12:37  wsItem <wsdl\homologacao\SVAN\HSVANCadConsultaCadastro2.wsdl> nao encontrada na classe URLws em <NFeConsultaCadastro>
15:12:37  wsItem <wsdl\producao\SVAN\PSVANCadConsultaCadastro2.wsdl> nao encontrada na classe URLws em <NFeConsultaCadastro>
15:13:48  wsItem <wsdl\homologacao\SVAN\HSVANCadConsultaCadastro4.wsdl> nao encontrada na classe URLws em <NFeConsultaCadastro>
15:13:48  wsItem <wsdl\homologacao\SVAN\HSVANRecepcaoEvento4.wsdl> nao encontrada na classe URLws em <NFeRecepcaoEvento>
15:13:48  wsItem <wsdl\producao\SVAN\PSVANCadConsultaCadastro2.wsdl> nao encontrada na classe URLws em <NFeConsultaCadastro>
15:13:48  wsItem <wsdl\homologacao\SVAN\HSVANCadConsultaCadastro2.wsdl> nao encontrada na classe URLws em <NFeConsultaCadastro>
15:13:48  wsItem <wsdl\producao\SVAN\PSVANCadConsultaCadastro2.wsdl> nao encontrada na classe URLws em <NFeConsultaCadastro>
15:15:21  wsItem <wsdl\homologacao\SVAN\HSVANCadConsultaCadastro4.wsdl> nao encontrada na classe URLws em <NFeConsultaCadastro>
15:15:21  wsItem <wsdl\homologacao\SVAN\HSVANRecepcaoEvento4.wsdl> nao encontrada na classe URLws em <NFeRecepcaoEvento>
15:15:21  wsItem <wsdl\producao\SVAN\PSVANCadConsultaCadastro2.wsdl> nao encontrada na classe URLws em <NFeConsultaCadastro>
15:15:21  wsItem <wsdl\homologacao\SVAN\HSVANCadConsultaCadastro2.wsdl> nao encontrada na classe URLws em <NFeConsultaCadastro>
15:15:21  wsItem <wsdl\producao\SVAN\PSVANCadConsultaCadastro2.wsdl> nao encontrada na classe URLws em <NFeConsultaCadastro>
15:16:48  wsItem <wsdl\homologacao\SVAN\HSVANCadConsultaCadastro4.wsdl> nao encontrada na classe URLws em <NFeConsultaCadastro>
15:16:48  wsItem <wsdl\homologacao\SVAN\HSVANRecepcaoEvento4.wsdl> nao encontrada na classe URLws em <NFeRecepcaoEvento>
15:16:48  wsItem <wsdl\producao\SVAN\PSVANCadConsultaCadastro2.wsdl> nao encontrada na classe URLws em <NFeConsultaCadastro>
15:16:48  wsItem <wsdl\homologacao\SVAN\HSVANCadConsultaCadastro2.wsdl> nao encontrada na classe URLws em <NFeConsultaCadastro>
15:16:48  wsItem <wsdl\producao\SVAN\PSVANCadConsultaCadastro2.wsdl> nao encontrada na classe URLws em <NFeConsultaCadastro>
15:21:34  wsItem <wsdl\homologacao\SVAN\HSVANCadConsultaCadastro4.wsdl> nao encontrada na classe URLws em <NFeConsultaCadastro>
15:21:34  wsItem <wsdl\homologacao\SVAN\HSVANRecepcaoEvento4.wsdl> nao encontrada na classe URLws em <NFeRecepcaoEvento>
15:21:34  wsItem <wsdl\producao\SVAN\PSVANCadConsultaCadastro2.wsdl> nao encontrada na classe URLws em <NFeConsultaCadastro>
15:21:34  wsItem <wsdl\homologacao\SVAN\HSVANCadConsultaCadastro2.wsdl> nao encontrada na classe URLws em <NFeConsultaCadastro>
15:21:34  wsItem <wsdl\producao\SVAN\PSVANCadConsultaCadastro2.wsdl> nao encontrada na classe URLws em <NFeConsultaCadastro>
15:22:26  wsItem <wsdl\homologacao\SVAN\HSVANCadConsultaCadastro4.wsdl> nao encontrada na classe URLws em <NFeConsultaCadastro>
15:22:26  wsItem <wsdl\homologacao\SVAN\HSVANRecepcaoEvento4.wsdl> nao encontrada na classe URLws em <NFeRecepcaoEvento>
15:22:26  wsItem <wsdl\producao\SVAN\PSVANCadConsultaCadastro2.wsdl> nao encontrada na classe URLws em <NFeConsultaCadastro>
15:22:26  wsItem <wsdl\homologacao\SVAN\HSVANCadConsultaCadastro2.wsdl> nao encontrada na classe URLws em <NFeConsultaCadastro>
15:22:26  wsItem <wsdl\producao\SVAN\PSVANCadConsultaCadastro2.wsdl> nao encontrada na classe URLws em <NFeConsultaCadastro>
15:26:24  wsItem <wsdl\homologacao\SVAN\HSVANCadConsultaCadastro4.wsdl> nao encontrada na classe URLws em <NFeConsultaCadastro>
15:26:24  wsItem <wsdl\homologacao\SVAN\HSVANRecepcaoEvento4.wsdl> nao encontrada na classe URLws em <NFeRecepcaoEvento>
15:26:24  wsItem <wsdl\producao\SVAN\PSVANCadConsultaCadastro2.wsdl> nao encontrada na classe URLws em <NFeConsultaCadastro>
15:26:24  wsItem <wsdl\homologacao\SVAN\HSVANCadConsultaCadastro2.wsdl> nao encontrada na classe URLws em <NFeConsultaCadastro>
15:26:24  wsItem <wsdl\producao\SVAN\PSVANCadConsultaCadastro2.wsdl> nao encontrada na classe URLws em <NFeConsultaCadastro>
16:04:46  wsItem <wsdl\homologacao\SVAN\HSVANCadConsultaCadastro4.wsdl> nao encontrada na classe URLws em <NFeConsultaCadastro>
16:04:46  wsItem <wsdl\homologacao\SVAN\HSVANRecepcaoEvento4.wsdl> nao encontrada na classe URLws em <NFeRecepcaoEvento>
16:04:46  wsItem <wsdl\producao\SVAN\PSVANCadConsultaCadastro2.wsdl> nao encontrada na classe URLws em <NFeConsultaCadastro>
16:04:46  wsItem <wsdl\homologacao\SVAN\HSVANCadConsultaCadastro2.wsdl> nao encontrada na classe URLws em <NFeConsultaCadastro>
16:04:46  wsItem <wsdl\producao\SVAN\PSVANCadConsultaCadastro2.wsdl> nao encontrada na classe URLws em <NFeConsultaCadastro>
