09:23:45  wsItem <wsdl\homologacao\SVAN\HSVANCadConsultaCadastro4.wsdl> nao encontrada na classe URLws em <NFeConsultaCadastro>
09:23:45  wsItem <wsdl\homologacao\SVAN\HSVANRecepcaoEvento4.wsdl> nao encontrada na classe URLws em <NFeRecepcaoEvento>
09:23:45  wsItem <wsdl\producao\SVAN\PSVANCadConsultaCadastro2.wsdl> nao encontrada na classe URLws em <NFeConsultaCadastro>
09:23:45  wsItem <wsdl\homologacao\SVAN\HSVANCadConsultaCadastro2.wsdl> nao encontrada na classe URLws em <NFeConsultaCadastro>
09:23:45  wsItem <wsdl\producao\SVAN\PSVANCadConsultaCadastro2.wsdl> nao encontrada na classe URLws em <NFeConsultaCadastro>
10:08:40  wsItem <wsdl\homologacao\SVAN\HSVANCadConsultaCadastro4.wsdl> nao encontrada na classe URLws em <NFeConsultaCadastro>
10:08:40  wsItem <wsdl\homologacao\SVAN\HSVANRecepcaoEvento4.wsdl> nao encontrada na classe URLws em <NFeRecepcaoEvento>
10:08:40  wsItem <wsdl\producao\SVAN\PSVANCadConsultaCadastro2.wsdl> nao encontrada na classe URLws em <NFeConsultaCadastro>
10:08:40  wsItem <wsdl\homologacao\SVAN\HSVANCadConsultaCadastro2.wsdl> nao encontrada na classe URLws em <NFeConsultaCadastro>
10:08:40  wsItem <wsdl\producao\SVAN\PSVANCadConsultaCadastro2.wsdl> nao encontrada na classe URLws em <NFeConsultaCadastro>
10:21:51  wsItem <wsdl\homologacao\SVAN\HSVANCadConsultaCadastro4.wsdl> nao encontrada na classe URLws em <NFeConsultaCadastro>
10:21:51  wsItem <wsdl\homologacao\SVAN\HSVANRecepcaoEvento4.wsdl> nao encontrada na classe URLws em <NFeRecepcaoEvento>
10:21:51  wsItem <wsdl\producao\SVAN\PSVANCadConsultaCadastro2.wsdl> nao encontrada na classe URLws em <NFeConsultaCadastro>
10:21:51  wsItem <wsdl\homologacao\SVAN\HSVANCadConsultaCadastro2.wsdl> nao encontrada na classe URLws em <NFeConsultaCadastro>
10:21:51  wsItem <wsdl\producao\SVAN\PSVANCadConsultaCadastro2.wsdl> nao encontrada na classe URLws em <NFeConsultaCadastro>
10:32:41  wsItem <wsdl\homologacao\SVAN\HSVANCadConsultaCadastro4.wsdl> nao encontrada na classe URLws em <NFeConsultaCadastro>
10:32:41  wsItem <wsdl\homologacao\SVAN\HSVANRecepcaoEvento4.wsdl> nao encontrada na classe URLws em <NFeRecepcaoEvento>
10:32:41  wsItem <wsdl\producao\SVAN\PSVANCadConsultaCadastro2.wsdl> nao encontrada na classe URLws em <NFeConsultaCadastro>
10:32:41  wsItem <wsdl\homologacao\SVAN\HSVANCadConsultaCadastro2.wsdl> nao encontrada na classe URLws em <NFeConsultaCadastro>
10:32:41  wsItem <wsdl\producao\SVAN\PSVANCadConsultaCadastro2.wsdl> nao encontrada na classe URLws em <NFeConsultaCadastro>
10:34:45  wsItem <wsdl\homologacao\SVAN\HSVANCadConsultaCadastro4.wsdl> nao encontrada na classe URLws em <NFeConsultaCadastro>
10:34:45  wsItem <wsdl\homologacao\SVAN\HSVANRecepcaoEvento4.wsdl> nao encontrada na classe URLws em <NFeRecepcaoEvento>
10:34:45  wsItem <wsdl\producao\SVAN\PSVANCadConsultaCadastro2.wsdl> nao encontrada na classe URLws em <NFeConsultaCadastro>
10:34:45  wsItem <wsdl\homologacao\SVAN\HSVANCadConsultaCadastro2.wsdl> nao encontrada na classe URLws em <NFeConsultaCadastro>
10:34:45  wsItem <wsdl\producao\SVAN\PSVANCadConsultaCadastro2.wsdl> nao encontrada na classe URLws em <NFeConsultaCadastro>
10:35:56  wsItem <wsdl\homologacao\SVAN\HSVANCadConsultaCadastro4.wsdl> nao encontrada na classe URLws em <NFeConsultaCadastro>
10:35:56  wsItem <wsdl\homologacao\SVAN\HSVANRecepcaoEvento4.wsdl> nao encontrada na classe URLws em <NFeRecepcaoEvento>
10:35:56  wsItem <wsdl\producao\SVAN\PSVANCadConsultaCadastro2.wsdl> nao encontrada na classe URLws em <NFeConsultaCadastro>
10:35:56  wsItem <wsdl\homologacao\SVAN\HSVANCadConsultaCadastro2.wsdl> nao encontrada na classe URLws em <NFeConsultaCadastro>
10:35:56  wsItem <wsdl\producao\SVAN\PSVANCadConsultaCadastro2.wsdl> nao encontrada na classe URLws em <NFeConsultaCadastro>
10:37:15  wsItem <wsdl\homologacao\SVAN\HSVANCadConsultaCadastro4.wsdl> nao encontrada na classe URLws em <NFeConsultaCadastro>
10:37:15  wsItem <wsdl\homologacao\SVAN\HSVANRecepcaoEvento4.wsdl> nao encontrada na classe URLws em <NFeRecepcaoEvento>
10:37:15  wsItem <wsdl\producao\SVAN\PSVANCadConsultaCadastro2.wsdl> nao encontrada na classe URLws em <NFeConsultaCadastro>
10:37:15  wsItem <wsdl\homologacao\SVAN\HSVANCadConsultaCadastro2.wsdl> nao encontrada na classe URLws em <NFeConsultaCadastro>
10:37:15  wsItem <wsdl\producao\SVAN\PSVANCadConsultaCadastro2.wsdl> nao encontrada na classe URLws em <NFeConsultaCadastro>
10:37:15  wsItem <wsdl\Homologacao\AN\HANRecepcaoEvento4.wsdl> nao encontrada na classe URLws em <NFeRecepcaoEvento>
10:38:20  wsItem <wsdl\homologacao\SVAN\HSVANCadConsultaCadastro4.wsdl> nao encontrada na classe URLws em <NFeConsultaCadastro>
10:38:20  wsItem <wsdl\homologacao\SVAN\HSVANRecepcaoEvento4.wsdl> nao encontrada na classe URLws em <NFeRecepcaoEvento>
10:38:20  wsItem <wsdl\producao\SVAN\PSVANCadConsultaCadastro2.wsdl> nao encontrada na classe URLws em <NFeConsultaCadastro>
10:38:20  wsItem <wsdl\homologacao\SVAN\HSVANCadConsultaCadastro2.wsdl> nao encontrada na classe URLws em <NFeConsultaCadastro>
10:38:20  wsItem <wsdl\producao\SVAN\PSVANCadConsultaCadastro2.wsdl> nao encontrada na classe URLws em <NFeConsultaCadastro>
10:38:20  wsItem <wsdl\Homologacao\AN\HANRecepcaoEvento4.wsdl> nao encontrada na classe URLws em <NFeRecepcaoEvento>
10:39:21  wsItem <wsdl\homologacao\SVAN\HSVANCadConsultaCadastro4.wsdl> nao encontrada na classe URLws em <NFeConsultaCadastro>
10:39:21  wsItem <wsdl\homologacao\SVAN\HSVANRecepcaoEvento4.wsdl> nao encontrada na classe URLws em <NFeRecepcaoEvento>
10:39:21  wsItem <wsdl\producao\SVAN\PSVANCadConsultaCadastro2.wsdl> nao encontrada na classe URLws em <NFeConsultaCadastro>
10:39:21  wsItem <wsdl\homologacao\SVAN\HSVANCadConsultaCadastro2.wsdl> nao encontrada na classe URLws em <NFeConsultaCadastro>
10:39:21  wsItem <wsdl\producao\SVAN\PSVANCadConsultaCadastro2.wsdl> nao encontrada na classe URLws em <NFeConsultaCadastro>
10:39:21  wsItem <wsdl\Homologacao\AN\HANRecepcaoEvento4.wsdl> nao encontrada na classe URLws em <NFeRecepcaoEvento>
10:40:55  wsItem <wsdl\homologacao\SVAN\HSVANCadConsultaCadastro4.wsdl> nao encontrada na classe URLws em <NFeConsultaCadastro>
10:40:55  wsItem <wsdl\homologacao\SVAN\HSVANRecepcaoEvento4.wsdl> nao encontrada na classe URLws em <NFeRecepcaoEvento>
10:40:55  wsItem <wsdl\producao\SVAN\PSVANCadConsultaCadastro2.wsdl> nao encontrada na classe URLws em <NFeConsultaCadastro>
10:40:55  wsItem <wsdl\homologacao\SVAN\HSVANCadConsultaCadastro2.wsdl> nao encontrada na classe URLws em <NFeConsultaCadastro>
10:40:55  wsItem <wsdl\producao\SVAN\PSVANCadConsultaCadastro2.wsdl> nao encontrada na classe URLws em <NFeConsultaCadastro>
10:40:56  wsItem <wsdl\Homologacao\AN\HANNFeRecepcaoEvento4> nao encontrada na classe URLws em <NFeRecepcaoEvento>
10:42:07  wsItem <wsdl\homologacao\SVAN\HSVANCadConsultaCadastro4.wsdl> nao encontrada na classe URLws em <NFeConsultaCadastro>
10:42:07  wsItem <wsdl\homologacao\SVAN\HSVANRecepcaoEvento4.wsdl> nao encontrada na classe URLws em <NFeRecepcaoEvento>
10:42:07  wsItem <wsdl\producao\SVAN\PSVANCadConsultaCadastro2.wsdl> nao encontrada na classe URLws em <NFeConsultaCadastro>
10:42:07  wsItem <wsdl\homologacao\SVAN\HSVANCadConsultaCadastro2.wsdl> nao encontrada na classe URLws em <NFeConsultaCadastro>
10:42:07  wsItem <wsdl\producao\SVAN\PSVANCadConsultaCadastro2.wsdl> nao encontrada na classe URLws em <NFeConsultaCadastro>
10:42:07  wsItem <wsdl\Homologacao\AN\HANNFeRecepcaoEvento4> nao encontrada na classe URLws em <NFeRecepcaoEvento>
10:43:06  wsItem <wsdl\homologacao\SVAN\HSVANCadConsultaCadastro4.wsdl> nao encontrada na classe URLws em <NFeConsultaCadastro>
10:43:06  wsItem <wsdl\homologacao\SVAN\HSVANRecepcaoEvento4.wsdl> nao encontrada na classe URLws em <NFeRecepcaoEvento>
10:43:06  wsItem <wsdl\producao\SVAN\PSVANCadConsultaCadastro2.wsdl> nao encontrada na classe URLws em <NFeConsultaCadastro>
10:43:06  wsItem <wsdl\homologacao\SVAN\HSVANCadConsultaCadastro2.wsdl> nao encontrada na classe URLws em <NFeConsultaCadastro>
10:43:06  wsItem <wsdl\producao\SVAN\PSVANCadConsultaCadastro2.wsdl> nao encontrada na classe URLws em <NFeConsultaCadastro>
11:31:05  wsItem <wsdl\homologacao\SVAN\HSVANCadConsultaCadastro4.wsdl> nao encontrada na classe URLws em <NFeConsultaCadastro>
11:31:05  wsItem <wsdl\homologacao\SVAN\HSVANRecepcaoEvento4.wsdl> nao encontrada na classe URLws em <NFeRecepcaoEvento>
11:31:05  wsItem <wsdl\producao\SVAN\PSVANCadConsultaCadastro2.wsdl> nao encontrada na classe URLws em <NFeConsultaCadastro>
11:31:06  wsItem <wsdl\homologacao\SVAN\HSVANCadConsultaCadastro2.wsdl> nao encontrada na classe URLws em <NFeConsultaCadastro>
11:31:06  wsItem <wsdl\producao\SVAN\PSVANCadConsultaCadastro2.wsdl> nao encontrada na classe URLws em <NFeConsultaCadastro>
11:32:05  wsItem <wsdl\homologacao\SVAN\HSVANCadConsultaCadastro4.wsdl> nao encontrada na classe URLws em <NFeConsultaCadastro>
11:32:05  wsItem <wsdl\homologacao\SVAN\HSVANRecepcaoEvento4.wsdl> nao encontrada na classe URLws em <NFeRecepcaoEvento>
11:32:05  wsItem <wsdl\producao\SVAN\PSVANCadConsultaCadastro2.wsdl> nao encontrada na classe URLws em <NFeConsultaCadastro>
11:32:05  wsItem <wsdl\homologacao\SVAN\HSVANCadConsultaCadastro2.wsdl> nao encontrada na classe URLws em <NFeConsultaCadastro>
11:32:05  wsItem <wsdl\producao\SVAN\PSVANCadConsultaCadastro2.wsdl> nao encontrada na classe URLws em <NFeConsultaCadastro>
11:34:38  wsItem <wsdl\homologacao\SVAN\HSVANCadConsultaCadastro4.wsdl> nao encontrada na classe URLws em <NFeConsultaCadastro>
11:34:38  wsItem <wsdl\homologacao\SVAN\HSVANRecepcaoEvento4.wsdl> nao encontrada na classe URLws em <NFeRecepcaoEvento>
11:34:38  wsItem <wsdl\producao\SVAN\PSVANCadConsultaCadastro2.wsdl> nao encontrada na classe URLws em <NFeConsultaCadastro>
11:34:38  wsItem <wsdl\homologacao\SVAN\HSVANCadConsultaCadastro2.wsdl> nao encontrada na classe URLws em <NFeConsultaCadastro>
11:34:38  wsItem <wsdl\producao\SVAN\PSVANCadConsultaCadastro2.wsdl> nao encontrada na classe URLws em <NFeConsultaCadastro>
11:38:05  wsItem <wsdl\homologacao\SVAN\HSVANCadConsultaCadastro4.wsdl> nao encontrada na classe URLws em <NFeConsultaCadastro>
11:38:05  wsItem <wsdl\homologacao\SVAN\HSVANRecepcaoEvento4.wsdl> nao encontrada na classe URLws em <NFeRecepcaoEvento>
11:38:05  wsItem <wsdl\producao\SVAN\PSVANCadConsultaCadastro2.wsdl> nao encontrada na classe URLws em <NFeConsultaCadastro>
11:38:05  wsItem <wsdl\homologacao\SVAN\HSVANCadConsultaCadastro2.wsdl> nao encontrada na classe URLws em <NFeConsultaCadastro>
11:38:05  wsItem <wsdl\producao\SVAN\PSVANCadConsultaCadastro2.wsdl> nao encontrada na classe URLws em <NFeConsultaCadastro>
12:00:40  wsItem <wsdl\homologacao\SVAN\HSVANCadConsultaCadastro4.wsdl> nao encontrada na classe URLws em <NFeConsultaCadastro>
12:00:40  wsItem <wsdl\homologacao\SVAN\HSVANRecepcaoEvento4.wsdl> nao encontrada na classe URLws em <NFeRecepcaoEvento>
12:00:40  wsItem <wsdl\producao\SVAN\PSVANCadConsultaCadastro2.wsdl> nao encontrada na classe URLws em <NFeConsultaCadastro>
12:00:40  wsItem <wsdl\homologacao\SVAN\HSVANCadConsultaCadastro2.wsdl> nao encontrada na classe URLws em <NFeConsultaCadastro>
12:00:40  wsItem <wsdl\producao\SVAN\PSVANCadConsultaCadastro2.wsdl> nao encontrada na classe URLws em <NFeConsultaCadastro>
12:08:29  wsItem <wsdl\homologacao\SVAN\HSVANCadConsultaCadastro4.wsdl> nao encontrada na classe URLws em <NFeConsultaCadastro>
12:08:29  wsItem <wsdl\producao\SVAN\PSVANCadConsultaCadastro2.wsdl> nao encontrada na classe URLws em <NFeConsultaCadastro>
12:08:29  wsItem <wsdl\homologacao\SVAN\HSVANCadConsultaCadastro2.wsdl> nao encontrada na classe URLws em <NFeConsultaCadastro>
12:08:29  wsItem <wsdl\producao\SVAN\PSVANCadConsultaCadastro2.wsdl> nao encontrada na classe URLws em <NFeConsultaCadastro>
